<?xml version="1.0" encoding="UTF-8"?>
<!-- Generated by org.testng.reporters.JUnitReportReporter -->
<testsuite hostname="DESKTOP-R0NL5GO" failures="0" tests="5" name="com.mil.testCases.LoginPageTest" time="27.111" errors="0" timestamp="2022-05-05T19:18:53 EDT" skipped="0">
  <testcase classname="com.mil.testCases.LoginPageTest" name="verifyLoginPageTitleTest" time="3.788"/>
  <system-out/>
  <testcase classname="com.mil.testCases.LoginPageTest" name="validateLogoHrmOrange" time="3.275"/>
  <system-out/>
  <testcase classname="com.mil.testCases.LoginPageTest" name="verifylogin" time="8.854"/>
  <system-out/>
  <testcase classname="com.mil.testCases.LoginPageTest" name="verifylogin" time="4.659"/>
  <system-out/>
  <testcase classname="com.mil.testCases.LoginPageTest" name="verifylogin" time="6.535"/>
  <system-out/>
</testsuite> <!-- com.mil.testCases.LoginPageTest -->
