<?xml version="1.0" encoding="UTF-8"?>
<!-- Generated by org.testng.reporters.JUnitReportReporter -->
<testsuite hostname="DESKTOP-R0NL5GO" failures="0" tests="5" name="com.mil.testCases.HomePageTest" time="28.152" errors="0" timestamp="2022-05-24T12:26:00 EDT" skipped="0">
  <testcase classname="com.mil.testCases.HomePageTest" name="clickOnMyInfoTabTest" time="5.918"/>
  <system-out/>
  <testcase classname="com.mil.testCases.HomePageTest" name="verifyHomePageTitleTest" time="4.712"/>
  <system-out/>
  <testcase classname="com.mil.testCases.HomePageTest" name="verifyNameDisplayTest" time="4.812"/>
  <system-out/>
  <testcase classname="com.mil.testCases.HomePageTest" name="verifyDashboardDisplayTest" time="7.836"/>
  <system-out/>
  <testcase classname="com.mil.testCases.HomePageTest" name="verifyMyInfoDisplayTest" time="4.874"/>
  <system-out/>
</testsuite> <!-- com.mil.testCases.HomePageTest -->
