<?xml version="1.0" encoding="UTF-8"?>
<!-- Generated by org.testng.reporters.JUnitReportReporter -->
<testsuite hostname="DESKTOP-R0NL5GO" failures="0" tests="5" name="com.mil.testCases.MyInfoPageTest" time="8.019" errors="0" timestamp="2022-05-24T12:34:31 EDT" skipped="4">
  <testcase classname="com.mil.testCases.MyInfoPageTest" name="personalDetailsDisplayTest" time="8.019"/>
  <system-out/>
  <testcase classname="com.mil.testCases.MyInfoPageTest" name="verifyFirstNameTest">
    <skipped/>
  </testcase> <!-- verifyFirstNameTest -->
  <system-out/>
  <testcase classname="com.mil.testCases.MyInfoPageTest" name="verifyLastNameTest">
    <skipped/>
  </testcase> <!-- verifyLastNameTest -->
  <system-out/>
  <testcase classname="com.mil.testCases.MyInfoPageTest" name="verifyGenderTest">
    <skipped/>
  </testcase> <!-- verifyGenderTest -->
  <system-out/>
  <testcase classname="com.mil.testCases.MyInfoPageTest" name="verifyNationalityTest">
    <skipped/>
  </testcase> <!-- verifyNationalityTest -->
  <system-out/>
</testsuite> <!-- com.mil.testCases.MyInfoPageTest -->
