<?xml version="1.0" encoding="UTF-8"?>
<!-- Generated by org.testng.reporters.JUnitReportReporter -->
<testsuite hostname="DESKTOP-R0NL5GO" failures="0" tests="5" name="com.mil.testCases.LoginPageTest" time="18.664" errors="0" timestamp="2022-05-24T12:34:31 EDT" skipped="0">
  <testcase classname="com.mil.testCases.LoginPageTest" name="verifyLoginPageTitleTest" time="2.663"/>
  <system-out/>
  <testcase classname="com.mil.testCases.LoginPageTest" name="validateLogoHrmOrange" time="2.786"/>
  <system-out/>
  <testcase classname="com.mil.testCases.LoginPageTest" name="verifylogin" time="3.391"/>
  <system-out/>
  <testcase classname="com.mil.testCases.LoginPageTest" name="verifylogin" time="4.955"/>
  <system-out/>
  <testcase classname="com.mil.testCases.LoginPageTest" name="verifylogin" time="4.869"/>
  <system-out/>
</testsuite> <!-- com.mil.testCases.LoginPageTest -->
