<?xml version="1.0" encoding="UTF-8"?>
<!-- Generated by org.testng.reporters.JUnitReportReporter -->
<testsuite hostname="DESKTOP-R0NL5GO" failures="0" tests="5" name="com.mil.testCases.HomePageTest" time="27.886" errors="0" timestamp="2022-05-24T12:34:31 EDT" skipped="0">
  <testcase classname="com.mil.testCases.HomePageTest" name="clickOnMyInfoTabTest" time="5.726"/>
  <system-out/>
  <testcase classname="com.mil.testCases.HomePageTest" name="verifyHomePageTitleTest" time="4.416"/>
  <system-out/>
  <testcase classname="com.mil.testCases.HomePageTest" name="verifyNameDisplayTest" time="4.880"/>
  <system-out/>
  <testcase classname="com.mil.testCases.HomePageTest" name="verifyDashboardDisplayTest" time="5.124"/>
  <system-out/>
  <testcase classname="com.mil.testCases.HomePageTest" name="verifyMyInfoDisplayTest" time="7.740"/>
  <system-out/>
</testsuite> <!-- com.mil.testCases.HomePageTest -->
